This is pdfTeX, Version 3.141592653-2.6-1.40.25 (TeX Live 2023) (preloaded format=pdflatex 2023.11.29)  22 DEC 2023 20:50
entering extended mode
 restricted \write18 enabled.
 %&-line parsing enabled.
**1B_23.B04_Petrov.tex
(./1B_23.B04_Petrov.tex
LaTeX2e <2022-11-01> patch level 1
L3 programming layer <2023-02-22>
(/usr/local/texlive/2023/texmf-dist/tex/latex/disser/disser.cls
Document Class: disser 2017/03/03 1.4.1 Document class for dissertations
(/usr/local/texlive/2023/texmf-dist/tex/latex/kvoptions/kvoptions.sty
Package: kvoptions 2022-06-15 v3.15 Key value format for package options (HO)

(/usr/local/texlive/2023/texmf-dist/tex/latex/graphics/keyval.sty
Package: keyval 2022/05/29 v1.15 key=value parser (DPC)
\KV@toks@=\toks16
)
(/usr/local/texlive/2023/texmf-dist/tex/generic/ltxcmds/ltxcmds.sty
Package: ltxcmds 2020-05-10 v1.25 LaTeX kernel commands for general use (HO)
)
(/usr/local/texlive/2023/texmf-dist/tex/latex/kvsetkeys/kvsetkeys.sty
Package: kvsetkeys 2022-10-05 v1.19 Key value parser (HO)
))
(/usr/local/texlive/2023/texmf-dist/tex/generic/iftex/ifpdf.sty
Package: ifpdf 2019/10/25 v3.4 ifpdf legacy package. Use iftex instead.

(/usr/local/texlive/2023/texmf-dist/tex/generic/iftex/iftex.sty
Package: iftex 2022/02/03 v1.0f TeX engine tests
))
(/usr/local/texlive/2023/texmf-dist/tex/latex/base/ifthen.sty
Package: ifthen 2022/04/13 v1.1d Standard LaTeX ifthen package (DPC)
)
(/usr/local/texlive/2023/texmf-dist/tex/latex/textcase/textcase.sty
Package: textcase 2022/07/10 v1.03 Text only upper/lower case changing (DPC)
Package textcase Info: Defining Legacy names on input line 20.
)
(/usr/local/texlive/2023/texmf-dist/tex/latex/base/size12.clo
File: size12.clo 2022/07/02 v1.4n Standard LaTeX file (size option)
)
(/usr/local/texlive/2023/texmf-dist/tex/latex/base/exscale.sty
Package: exscale 2018/09/24 v2.1i Standard LaTeX package exscale
LaTeX Font Info:    Redeclaring symbol font `largesymbols' on input line 57.
LaTeX Font Info:    Overwriting symbol font `largesymbols' in version `normal'
(Font)                  OMX/cmex/m/n --> OMX/cmex/m/n on input line 57.
LaTeX Font Info:    Overwriting symbol font `largesymbols' in version `bold'
(Font)                  OMX/cmex/m/n --> OMX/cmex/m/n on input line 57.
\big@size=\dimen140
)
\c@part=\count185
\c@chapter=\count186
\c@section=\count187
\c@subsection=\count188
\c@subsubsection=\count189
\c@paragraph=\count190
\c@subparagraph=\count191
\c@figure=\count192
\c@table=\count193
\chapterindent=\skip48
\schapterindent=\skip49
\abovecaptionskip=\skip50
\belowcaptionskip=\skip51
\footnoteindent=\skip52

(/usr/local/texlive/2023/texmf-dist/tex/latex/disser/titledefs.rtx
File: titledefs.rtx 
\fieldhshift=\skip53
)
\bibindent=\dimen141
\bibsep=\skip54

(/usr/local/texlive/2023/texmf-dist/tex/latex/caption/caption.sty
Package: caption 2023/03/12 v3.6j Customizing captions (AR)

(/usr/local/texlive/2023/texmf-dist/tex/latex/caption/caption3.sty
Package: caption3 2023/03/12 v2.4 caption3 kernel (AR)
\caption@tempdima=\dimen142
\captionmargin=\dimen143
\caption@leftmargin=\dimen144
\caption@rightmargin=\dimen145
\caption@width=\dimen146
\caption@indent=\dimen147
\caption@parindent=\dimen148
\caption@hangindent=\dimen149
Package caption Info: Unknown document class (or package),
(caption)             standard defaults will be used.
Package caption Info: \@makecaption = \long macro:#1#2->\vskip \abovecaptionski
p \sbox \@tempboxa {{\captionlabelfont #1\captionlabeldelim } {\captionfont #2}
}\ifdim \wd \@tempboxa >\hsize {{\captionlabelfont #1\captionlabeldelim } {\cap
tionfont #2}}\par \else \global \@minipagefalse \hb@xt@ \hsize {\hfil \box \@te
mpboxa \hfil }\fi \vskip \belowcaptionskip  on input line 1176.
)

Package caption Warning: Unknown document class (or package),
(caption)                standard defaults will be used.
See the caption package documentation for explanation.

\c@caption@flags=\count194
\c@continuedfloat=\count195
) (/usr/local/texlive/2023/texmf-dist/tex/latex/caption/subcaption.sty
Package: subcaption 2023/02/19 v1.6 Sub-captions (AR)
Package caption Info: New subtype `subfigure' on input line 239.
\c@subfigure=\count196
Package caption Info: New subtype `subtable' on input line 239.
\c@subtable=\count197
)
Package caption Info: Modify subtype `subfigure' on input line 1437.

(/usr/local/texlive/2023/texmf-dist/tex/latex/hyperref/hyperref.sty
Package: hyperref 2023-02-07 v7.00v Hypertext links for LaTeX

(/usr/local/texlive/2023/texmf-dist/tex/generic/pdftexcmds/pdftexcmds.sty
Package: pdftexcmds 2020-06-27 v0.33 Utility functions of pdfTeX for LuaTeX (HO
)

(/usr/local/texlive/2023/texmf-dist/tex/generic/infwarerr/infwarerr.sty
Package: infwarerr 2019/12/03 v1.5 Providing info/warning/error messages (HO)
)
Package pdftexcmds Info: \pdf@primitive is available.
Package pdftexcmds Info: \pdf@ifprimitive is available.
Package pdftexcmds Info: \pdfdraftmode found.
)
(/usr/local/texlive/2023/texmf-dist/tex/generic/kvdefinekeys/kvdefinekeys.sty
Package: kvdefinekeys 2019-12-19 v1.6 Define keys (HO)
)
(/usr/local/texlive/2023/texmf-dist/tex/generic/pdfescape/pdfescape.sty
Package: pdfescape 2019/12/09 v1.15 Implements pdfTeX's escape features (HO)
)
(/usr/local/texlive/2023/texmf-dist/tex/latex/hycolor/hycolor.sty
Package: hycolor 2020-01-27 v1.10 Color options for hyperref/bookmark (HO)
)
(/usr/local/texlive/2023/texmf-dist/tex/latex/letltxmacro/letltxmacro.sty
Package: letltxmacro 2019/12/03 v1.6 Let assignment for LaTeX macros (HO)
)
(/usr/local/texlive/2023/texmf-dist/tex/latex/auxhook/auxhook.sty
Package: auxhook 2019-12-17 v1.6 Hooks for auxiliary files (HO)
)
(/usr/local/texlive/2023/texmf-dist/tex/latex/hyperref/nameref.sty
Package: nameref 2022-05-17 v2.50 Cross-referencing by name of section

(/usr/local/texlive/2023/texmf-dist/tex/latex/refcount/refcount.sty
Package: refcount 2019/12/15 v3.6 Data extraction from label references (HO)
)
(/usr/local/texlive/2023/texmf-dist/tex/generic/gettitlestring/gettitlestring.s
ty
Package: gettitlestring 2019/12/15 v1.6 Cleanup title references (HO)
)
\c@section@level=\count198
)
\@linkdim=\dimen150
\Hy@linkcounter=\count199
\Hy@pagecounter=\count266
 (/usr/local/texlive/2023/texmf-dist/tex/latex/hyperref/pd1enc.def
File: pd1enc.def 2023-02-07 v7.00v Hyperref: PDFDocEncoding definition (HO)
Now handling font encoding PD1 ...
... no UTF-8 mapping file for font encoding PD1
)
(/usr/local/texlive/2023/texmf-dist/tex/generic/intcalc/intcalc.sty
Package: intcalc 2019/12/15 v1.3 Expandable calculations with integers (HO)
)
(/usr/local/texlive/2023/texmf-dist/tex/generic/etexcmds/etexcmds.sty
Package: etexcmds 2019/12/15 v1.7 Avoid name clashes with e-TeX commands (HO)
)
\Hy@SavedSpaceFactor=\count267

(/usr/local/texlive/2023/texmf-dist/tex/latex/hyperref/puenc.def
File: puenc.def 2023-02-07 v7.00v Hyperref: PDF Unicode definition (HO)
Now handling font encoding PU ...
... no UTF-8 mapping file for font encoding PU
)
Package hyperref Info: Option `colorlinks' set `true' on input line 4060.
Package hyperref Info: Option `unicode' set `true' on input line 4060.
Package hyperref Info: Hyper figures OFF on input line 4177.
Package hyperref Info: Link nesting OFF on input line 4182.
Package hyperref Info: Hyper index ON on input line 4185.
Package hyperref Info: Plain pages OFF on input line 4192.
Package hyperref Info: Backreferencing OFF on input line 4197.
Package hyperref Info: Implicit mode ON; LaTeX internals redefined.
Package hyperref Info: Bookmarks ON on input line 4425.
\c@Hy@tempcnt=\count268

(/usr/local/texlive/2023/texmf-dist/tex/latex/url/url.sty
\Urlmuskip=\muskip16
Package: url 2013/09/16  ver 3.4  Verb mode for urls, etc.
)
LaTeX Info: Redefining \url on input line 4763.
\XeTeXLinkMargin=\dimen151

(/usr/local/texlive/2023/texmf-dist/tex/generic/bitset/bitset.sty
Package: bitset 2019/12/09 v1.3 Handle bit-vector datatype (HO)

(/usr/local/texlive/2023/texmf-dist/tex/generic/bigintcalc/bigintcalc.sty
Package: bigintcalc 2019/12/15 v1.5 Expandable calculations on big integers (HO
)
))
\Fld@menulength=\count269
\Field@Width=\dimen152
\Fld@charsize=\dimen153
Package hyperref Info: Hyper figures OFF on input line 6042.
Package hyperref Info: Link nesting OFF on input line 6047.
Package hyperref Info: Hyper index ON on input line 6050.
Package hyperref Info: backreferencing OFF on input line 6057.
Package hyperref Info: Link coloring ON on input line 6060.
Package hyperref Info: Link coloring with OCG OFF on input line 6067.
Package hyperref Info: PDF/A mode OFF on input line 6072.

(/usr/local/texlive/2023/texmf-dist/tex/latex/base/atbegshi-ltx.sty
Package: atbegshi-ltx 2021/01/10 v1.0c Emulation of the original atbegshi
package with kernel methods
)
\Hy@abspage=\count270
\c@Item=\count271
\c@Hfootnote=\count272
)
Package hyperref Info: Driver: hpdftex.

(/usr/local/texlive/2023/texmf-dist/tex/latex/hyperref/hpdftex.def
File: hpdftex.def 2023-02-07 v7.00v Hyperref driver for pdfTeX

(/usr/local/texlive/2023/texmf-dist/tex/latex/base/atveryend-ltx.sty
Package: atveryend-ltx 2020/08/19 v1.0a Emulation of the original atveryend pac
kage
with kernel methods
)
\Fld@listcount=\count273
\c@bookmark@seq@number=\count274

(/usr/local/texlive/2023/texmf-dist/tex/latex/rerunfilecheck/rerunfilecheck.sty
Package: rerunfilecheck 2022-07-10 v1.10 Rerun checks for auxiliary files (HO)

(/usr/local/texlive/2023/texmf-dist/tex/generic/uniquecounter/uniquecounter.sty
Package: uniquecounter 2019/12/15 v1.4 Provide unlimited unique counter (HO)
)
Package uniquecounter Info: New unique counter `rerunfilecheck' on input line 2
85.
)
\Hy@SectionHShift=\skip55
)
Package hyperref Info: Option `colorlinks' set `false' on input line 1453.
Package hyperref Info: Option `bookmarksopen' set `true' on input line 1453.
Package hyperref Info: Option `bookmarksnumbered' set `true' on input line 1453
.
 (/usr/local/texlive/2023/texmf-dist/tex/latex/graphics/graphicx.sty
Package: graphicx 2021/09/16 v1.2d Enhanced LaTeX Graphics (DPC,SPQR)

(/usr/local/texlive/2023/texmf-dist/tex/latex/graphics/graphics.sty
Package: graphics 2022/03/10 v1.4e Standard LaTeX Graphics (DPC,SPQR)

(/usr/local/texlive/2023/texmf-dist/tex/latex/graphics/trig.sty
Package: trig 2021/08/11 v1.11 sin cos tan (DPC)
)
(/usr/local/texlive/2023/texmf-dist/tex/latex/graphics-cfg/graphics.cfg
File: graphics.cfg 2016/06/04 v1.11 sample graphics configuration
)
Package graphics Info: Driver file: pdftex.def on input line 107.

(/usr/local/texlive/2023/texmf-dist/tex/latex/graphics-def/pdftex.def
File: pdftex.def 2022/09/22 v1.2b Graphics/color driver for pdftex
))
\Gin@req@height=\dimen154
\Gin@req@width=\dimen155
)
(/usr/local/texlive/2023/texmf-dist/tex/latex/cmap/cmap.sty
Package: cmap 2021/02/06 v1.0j CMap support: searchable PDF
))
(./spbu_report.rtx
File: spbu.rtx 
)
(/usr/local/texlive/2023/texmf-dist/tex/latex/geometry/geometry.sty
Package: geometry 2020/01/02 v5.9 Page Geometry

(/usr/local/texlive/2023/texmf-dist/tex/generic/iftex/ifvtex.sty
Package: ifvtex 2019/10/25 v1.7 ifvtex legacy package. Use iftex instead.
)
\Gm@cnth=\count275
\Gm@cntv=\count276
\c@Gm@tempcnt=\count277
\Gm@bindingoffset=\dimen156
\Gm@wd@mp=\dimen157
\Gm@odd@mp=\dimen158
\Gm@even@mp=\dimen159
\Gm@layoutwidth=\dimen160
\Gm@layoutheight=\dimen161
\Gm@layouthoffset=\dimen162
\Gm@layoutvoffset=\dimen163
\Gm@dimlist=\toks17
)
(/usr/local/texlive/2023/texmf-dist/tex/latex/base/fontenc.sty
Package: fontenc 2021/04/29 v2.0v Standard LaTeX package

(/usr/local/texlive/2023/texmf-dist/tex/latex/cyrillic/t2aenc.def
File: t2aenc.def 2022/06/11 v1.0j Cyrillic encoding definition file
Now handling font encoding T2A ...
... processing UTF-8 mapping file for font encoding T2A

(/usr/local/texlive/2023/texmf-dist/tex/latex/base/t2aenc.dfu
File: t2aenc.dfu 2022/06/07 v1.3c UTF-8 support
   defining Unicode char U+00A4 (decimal 164)
   defining Unicode char U+00A7 (decimal 167)
   defining Unicode char U+00AB (decimal 171)
   defining Unicode char U+00BB (decimal 187)
   defining Unicode char U+0131 (decimal 305)
   defining Unicode char U+0237 (decimal 567)
   defining Unicode char U+0400 (decimal 1024)
   defining Unicode char U+0401 (decimal 1025)
   defining Unicode char U+0402 (decimal 1026)
   defining Unicode char U+0403 (decimal 1027)
   defining Unicode char U+0404 (decimal 1028)
   defining Unicode char U+0405 (decimal 1029)
   defining Unicode char U+0406 (decimal 1030)
   defining Unicode char U+0407 (decimal 1031)
   defining Unicode char U+0408 (decimal 1032)
   defining Unicode char U+0409 (decimal 1033)
   defining Unicode char U+040A (decimal 1034)
   defining Unicode char U+040B (decimal 1035)
   defining Unicode char U+040C (decimal 1036)
   defining Unicode char U+040D (decimal 1037)
   defining Unicode char U+040E (decimal 1038)
   defining Unicode char U+040F (decimal 1039)
   defining Unicode char U+0410 (decimal 1040)
   defining Unicode char U+0411 (decimal 1041)
   defining Unicode char U+0412 (decimal 1042)
   defining Unicode char U+0413 (decimal 1043)
   defining Unicode char U+0414 (decimal 1044)
   defining Unicode char U+0415 (decimal 1045)
   defining Unicode char U+0416 (decimal 1046)
   defining Unicode char U+0417 (decimal 1047)
   defining Unicode char U+0418 (decimal 1048)
   defining Unicode char U+0419 (decimal 1049)
   defining Unicode char U+041A (decimal 1050)
   defining Unicode char U+041B (decimal 1051)
   defining Unicode char U+041C (decimal 1052)
   defining Unicode char U+041D (decimal 1053)
   defining Unicode char U+041E (decimal 1054)
   defining Unicode char U+041F (decimal 1055)
   defining Unicode char U+0420 (decimal 1056)
   defining Unicode char U+0421 (decimal 1057)
   defining Unicode char U+0422 (decimal 1058)
   defining Unicode char U+0423 (decimal 1059)
   defining Unicode char U+0424 (decimal 1060)
   defining Unicode char U+0425 (decimal 1061)
   defining Unicode char U+0426 (decimal 1062)
   defining Unicode char U+0427 (decimal 1063)
   defining Unicode char U+0428 (decimal 1064)
   defining Unicode char U+0429 (decimal 1065)
   defining Unicode char U+042A (decimal 1066)
   defining Unicode char U+042B (decimal 1067)
   defining Unicode char U+042C (decimal 1068)
   defining Unicode char U+042D (decimal 1069)
   defining Unicode char U+042E (decimal 1070)
   defining Unicode char U+042F (decimal 1071)
   defining Unicode char U+0430 (decimal 1072)
   defining Unicode char U+0431 (decimal 1073)
   defining Unicode char U+0432 (decimal 1074)
   defining Unicode char U+0433 (decimal 1075)
   defining Unicode char U+0434 (decimal 1076)
   defining Unicode char U+0435 (decimal 1077)
   defining Unicode char U+0436 (decimal 1078)
   defining Unicode char U+0437 (decimal 1079)
   defining Unicode char U+0438 (decimal 1080)
   defining Unicode char U+0439 (decimal 1081)
   defining Unicode char U+043A (decimal 1082)
   defining Unicode char U+043B (decimal 1083)
   defining Unicode char U+043C (decimal 1084)
   defining Unicode char U+043D (decimal 1085)
   defining Unicode char U+043E (decimal 1086)
   defining Unicode char U+043F (decimal 1087)
   defining Unicode char U+0440 (decimal 1088)
   defining Unicode char U+0441 (decimal 1089)
   defining Unicode char U+0442 (decimal 1090)
   defining Unicode char U+0443 (decimal 1091)
   defining Unicode char U+0444 (decimal 1092)
   defining Unicode char U+0445 (decimal 1093)
   defining Unicode char U+0446 (decimal 1094)
   defining Unicode char U+0447 (decimal 1095)
   defining Unicode char U+0448 (decimal 1096)
   defining Unicode char U+0449 (decimal 1097)
   defining Unicode char U+044A (decimal 1098)
   defining Unicode char U+044B (decimal 1099)
   defining Unicode char U+044C (decimal 1100)
   defining Unicode char U+044D (decimal 1101)
   defining Unicode char U+044E (decimal 1102)
   defining Unicode char U+044F (decimal 1103)
   defining Unicode char U+0450 (decimal 1104)
   defining Unicode char U+0451 (decimal 1105)
   defining Unicode char U+0452 (decimal 1106)
   defining Unicode char U+0453 (decimal 1107)
   defining Unicode char U+0454 (decimal 1108)
   defining Unicode char U+0455 (decimal 1109)
   defining Unicode char U+0456 (decimal 1110)
   defining Unicode char U+0457 (decimal 1111)
   defining Unicode char U+0458 (decimal 1112)
   defining Unicode char U+0459 (decimal 1113)
   defining Unicode char U+045A (decimal 1114)
   defining Unicode char U+045B (decimal 1115)
   defining Unicode char U+045C (decimal 1116)
   defining Unicode char U+045D (decimal 1117)
   defining Unicode char U+045E (decimal 1118)
   defining Unicode char U+045F (decimal 1119)
   defining Unicode char U+0490 (decimal 1168)
   defining Unicode char U+0491 (decimal 1169)
   defining Unicode char U+0492 (decimal 1170)
   defining Unicode char U+0493 (decimal 1171)
   defining Unicode char U+0496 (decimal 1174)
   defining Unicode char U+0497 (decimal 1175)
   defining Unicode char U+0498 (decimal 1176)
   defining Unicode char U+0499 (decimal 1177)
   defining Unicode char U+049A (decimal 1178)
   defining Unicode char U+049B (decimal 1179)
   defining Unicode char U+049C (decimal 1180)
   defining Unicode char U+049D (decimal 1181)
   defining Unicode char U+04A0 (decimal 1184)
   defining Unicode char U+04A1 (decimal 1185)
   defining Unicode char U+04A2 (decimal 1186)
   defining Unicode char U+04A3 (decimal 1187)
   defining Unicode char U+04A4 (decimal 1188)
   defining Unicode char U+04A5 (decimal 1189)
   defining Unicode char U+04AA (decimal 1194)
   defining Unicode char U+04AB (decimal 1195)
   defining Unicode char U+04AE (decimal 1198)
   defining Unicode char U+04AF (decimal 1199)
   defining Unicode char U+04B0 (decimal 1200)
   defining Unicode char U+04B1 (decimal 1201)
   defining Unicode char U+04B2 (decimal 1202)
   defining Unicode char U+04B3 (decimal 1203)
   defining Unicode char U+04B6 (decimal 1206)
   defining Unicode char U+04B7 (decimal 1207)
   defining Unicode char U+04B8 (decimal 1208)
   defining Unicode char U+04B9 (decimal 1209)
   defining Unicode char U+04BA (decimal 1210)
   defining Unicode char U+04BB (decimal 1211)
   defining Unicode char U+04C0 (decimal 1216)
   defining Unicode char U+04C1 (decimal 1217)
   defining Unicode char U+04C2 (decimal 1218)
   defining Unicode char U+04D0 (decimal 1232)
   defining Unicode char U+04D1 (decimal 1233)
   defining Unicode char U+04D2 (decimal 1234)
   defining Unicode char U+04D3 (decimal 1235)
   defining Unicode char U+04D4 (decimal 1236)
   defining Unicode char U+04D5 (decimal 1237)
   defining Unicode char U+04D6 (decimal 1238)
   defining Unicode char U+04D7 (decimal 1239)
   defining Unicode char U+04D8 (decimal 1240)
   defining Unicode char U+04D9 (decimal 1241)
   defining Unicode char U+04DA (decimal 1242)
   defining Unicode char U+04DB (decimal 1243)
   defining Unicode char U+04DC (decimal 1244)
   defining Unicode char U+04DD (decimal 1245)
   defining Unicode char U+04DE (decimal 1246)
   defining Unicode char U+04DF (decimal 1247)
   defining Unicode char U+04E2 (decimal 1250)
   defining Unicode char U+04E3 (decimal 1251)
   defining Unicode char U+04E4 (decimal 1252)
   defining Unicode char U+04E5 (decimal 1253)
   defining Unicode char U+04E6 (decimal 1254)
   defining Unicode char U+04E7 (decimal 1255)
   defining Unicode char U+04E8 (decimal 1256)
   defining Unicode char U+04E9 (decimal 1257)
   defining Unicode char U+04EC (decimal 1260)
   defining Unicode char U+04ED (decimal 1261)
   defining Unicode char U+04EE (decimal 1262)
   defining Unicode char U+04EF (decimal 1263)
   defining Unicode char U+04F0 (decimal 1264)
   defining Unicode char U+04F1 (decimal 1265)
   defining Unicode char U+04F2 (decimal 1266)
   defining Unicode char U+04F3 (decimal 1267)
   defining Unicode char U+04F4 (decimal 1268)
   defining Unicode char U+04F5 (decimal 1269)
   defining Unicode char U+04F8 (decimal 1272)
   defining Unicode char U+04F9 (decimal 1273)
   defining Unicode char U+200C (decimal 8204)
   defining Unicode char U+2013 (decimal 8211)
   defining Unicode char U+2014 (decimal 8212)
   defining Unicode char U+2018 (decimal 8216)
   defining Unicode char U+2019 (decimal 8217)
   defining Unicode char U+201C (decimal 8220)
   defining Unicode char U+201D (decimal 8221)
   defining Unicode char U+201E (decimal 8222)
   defining Unicode char U+2030 (decimal 8240)
   defining Unicode char U+2031 (decimal 8241)
   defining Unicode char U+2116 (decimal 8470)
   defining Unicode char U+2329 (decimal 9001)
   defining Unicode char U+3008 (decimal 12296)
   defining Unicode char U+232A (decimal 9002)
   defining Unicode char U+3009 (decimal 12297)
   defining Unicode char U+2423 (decimal 9251)
   defining Unicode char U+27E8 (decimal 10216)
   defining Unicode char U+27E9 (decimal 10217)
   defining Unicode char U+FB00 (decimal 64256)
   defining Unicode char U+FB01 (decimal 64257)
   defining Unicode char U+FB02 (decimal 64258)
   defining Unicode char U+FB03 (decimal 64259)
   defining Unicode char U+FB04 (decimal 64260)
   defining Unicode char U+FB05 (decimal 64261)
   defining Unicode char U+FB06 (decimal 64262)
))
LaTeX Font Info:    Trying to load font information for T2A+cmr on input line 1
12.

(/usr/local/texlive/2023/texmf-dist/tex/latex/cyrillic/t2acmr.fd
File: t2acmr.fd 2001/08/11 v1.0a Computer Modern Cyrillic font definitions
)<<t2a.cmap>>)
(/usr/local/texlive/2023/texmf-dist/tex/latex/base/inputenc.sty
Package: inputenc 2021/02/14 v1.3d Input encoding file
\inpenc@prehook=\toks18
\inpenc@posthook=\toks19

(/usr/local/texlive/2023/texmf-dist/tex/latex/cyrillic/cp1251.def
File: cp1251.def 2022/06/11 v1.0e Input encoding file
))
(/usr/local/texlive/2023/texmf-dist/tex/generic/babel/babel.sty
Package: babel 2023/02/13 3.86 The Babel package
\babel@savecnt=\count278
\U@D=\dimen164
\l@unhyphenated=\language87

(/usr/local/texlive/2023/texmf-dist/tex/generic/babel/txtbabel.def)
\bbl@readstream=\read2
\bbl@dirlevel=\count279

(/usr/local/texlive/2023/texmf-dist/tex/generic/babel-english/english.ldf
Language: english 2017/06/06 v3.3r English support from the babel system
Package babel Info: Hyphen rules for 'canadian' set to \l@english
(babel)             (\language0). Reported on input line 102.
Package babel Info: Hyphen rules for 'australian' set to \l@ukenglish
(babel)             (\language21). Reported on input line 105.
Package babel Info: Hyphen rules for 'newzealand' set to \l@ukenglish
(babel)             (\language21). Reported on input line 108.
)
(/usr/local/texlive/2023/texmf-dist/tex/generic/babel-russian/russianb.ldf
File: russianb.ldf 2021/01/10 1.3m Russian support for the Babel system
Language: russian 2020/09/09 1.3k Russian support for the Babel system
Package babel Info: Making " an active character on input line 124.
Package babel Info: Default for \cyrdash is provided on input line 163.
))
(/usr/local/texlive/2023/texmf-dist/tex/generic/babel/locale/ru/babel-russian.t
ex
Package babel Info: Importing font and identification data for russian
(babel)             from babel-ru.ini. Reported on input line 11.
)
(/usr/local/texlive/2023/texmf-dist/tex/generic/babel/locale/en/babel-english.t
ex
Package babel Info: Importing font and identification data for english
(babel)             from babel-en.ini. Reported on input line 11.
) (/usr/local/texlive/2023/texmf-dist/tex/latex/epstopdf-pkg/epstopdf.sty
Package: epstopdf 2020-01-24 v2.11 Conversion with epstopdf on the fly (HO)

(/usr/local/texlive/2023/texmf-dist/tex/latex/grfext/grfext.sty
Package: grfext 2019/12/03 v1.3 Manage graphics extensions (HO)
)
(/usr/local/texlive/2023/texmf-dist/tex/latex/epstopdf-pkg/epstopdf-base.sty
Package: epstopdf-base 2020-01-24 v2.11 Base part for package epstopdf
Package epstopdf-base Info: Redefining graphics rule for `.eps' on input line 4
85.
Package grfext Info: Graphics extension search list:
(grfext)             [.pdf,.png,.jpg,.mps,.jpeg,.jbig2,.jb2,.PDF,.PNG,.JPG,.JPE
G,.JBIG2,.JB2,.eps]
(grfext)             \AppendGraphicsExtensions on input line 504.

(/usr/local/texlive/2023/texmf-dist/tex/latex/latexconfig/epstopdf-sys.cfg
File: epstopdf-sys.cfg 2010/07/13 v1.3 Configuration of (r)epstopdf for TeX Liv
e
)))
(/usr/local/texlive/2023/texmf-dist/tex/latex/amsfonts/amsfonts.sty
Package: amsfonts 2013/01/14 v3.01 Basic AMSFonts support
\@emptytoks=\toks20
\symAMSa=\mathgroup4
\symAMSb=\mathgroup5
LaTeX Font Info:    Redeclaring math symbol \hbar on input line 98.
LaTeX Font Info:    Overwriting math alphabet `\mathfrak' in version `bold'
(Font)                  U/euf/m/n --> U/euf/b/n on input line 106.
)
(/usr/local/texlive/2023/texmf-dist/tex/latex/tools/array.sty
Package: array 2022/09/04 v2.5g Tabular extension package (FMi)
\col@sep=\dimen165
\ar@mcellbox=\box51
\extrarowheight=\dimen166
\NC@list=\toks21
\extratabsurround=\skip56
\backup@length=\skip57
\ar@cellbox=\box52
)
(/usr/local/texlive/2023/texmf-dist/tex/latex/listings/listings.sty
\lst@mode=\count280
\lst@gtempboxa=\box53
\lst@token=\toks22
\lst@length=\count281
\lst@currlwidth=\dimen167
\lst@column=\count282
\lst@pos=\count283
\lst@lostspace=\dimen168
\lst@width=\dimen169
\lst@newlines=\count284
\lst@lineno=\count285
\lst@maxwidth=\dimen170

(/usr/local/texlive/2023/texmf-dist/tex/latex/listings/lstmisc.sty
File: lstmisc.sty 2023/02/27 1.9 (Carsten Heinz)
\c@lstnumber=\count286
\lst@skipnumbers=\count287
\lst@framebox=\box54
)
(/usr/local/texlive/2023/texmf-dist/tex/latex/listings/listings.cfg
File: listings.cfg 2023/02/27 1.9 listings configuration
))
Package: listings 2023/02/27 1.9 (Carsten Heinz)

(/usr/local/texlive/2023/texmf-dist/tex/latex/l3backend/l3backend-pdftex.def
File: l3backend-pdftex.def 2023-01-16 L3 backend support: PDF output (pdfTeX)
\l__color_backend_stack_int=\count288
\l__pdf_internal_box=\box55
)

LaTeX Warning: Unused global option(s):
    [colorlinks=true,substylefile].

(./1B_23.B04_Petrov.aux)
\openout1 = `1B_23.B04_Petrov.aux'.

LaTeX Font Info:    Checking defaults for OML/cmm/m/it on input line 28.
LaTeX Font Info:    ... okay on input line 28.
LaTeX Font Info:    Checking defaults for OMS/cmsy/m/n on input line 28.
LaTeX Font Info:    ... okay on input line 28.
LaTeX Font Info:    Checking defaults for OT1/cmr/m/n on input line 28.
LaTeX Font Info:    ... okay on input line 28.
LaTeX Font Info:    Checking defaults for T1/cmr/m/n on input line 28.
LaTeX Font Info:    ... okay on input line 28.
LaTeX Font Info:    Checking defaults for TS1/cmr/m/n on input line 28.
LaTeX Font Info:    ... okay on input line 28.
LaTeX Font Info:    Checking defaults for OMX/cmex/m/n on input line 28.
LaTeX Font Info:    ... okay on input line 28.
LaTeX Font Info:    Checking defaults for U/cmr/m/n on input line 28.
LaTeX Font Info:    ... okay on input line 28.
LaTeX Font Info:    Checking defaults for PD1/pdf/m/n on input line 28.
LaTeX Font Info:    ... okay on input line 28.
LaTeX Font Info:    Checking defaults for PU/pdf/m/n on input line 28.
LaTeX Font Info:    ... okay on input line 28.
LaTeX Font Info:    Checking defaults for T2A/cmr/m/n on input line 28.
LaTeX Font Info:    ... okay on input line 28.
Package caption Info: Begin \AtBeginDocument code.
Package caption Info: hyperref package is loaded.
Package caption Info: listings package is loaded.
Package caption Info: End \AtBeginDocument code.
Package hyperref Info: Link coloring OFF on input line 28.
 (./1B_23.B04_Petrov.out) (./1B_23.B04_Petrov.out)
\@outlinefile=\write3
\openout3 = `1B_23.B04_Petrov.out'.


(/usr/local/texlive/2023/texmf-dist/tex/context/base/mkii/supp-pdf.mkii
[Loading MPS to PDF converter (version 2006.09.02).]
\scratchcounter=\count289
\scratchdimen=\dimen171
\scratchbox=\box56
\nofMPsegments=\count290
\nofMParguments=\count291
\everyMPshowfont=\toks23
\MPscratchCnt=\count292
\MPscratchDim=\dimen172
\MPnumerator=\count293
\makeMPintoPDFobject=\count294
\everyMPtoPDFconversion=\toks24
)
*geometry* driver: auto-detecting
*geometry* detected driver: pdftex
*geometry* verbose mode - [ preamble ] result:
* driver: pdftex
* paper: a4paper
* layout: <same size as paper>
* layoutoffset:(h,v)=(0.0pt,0.0pt)
* modes: includefoot 
* h-part:(L,W,R)=(85.35826pt, 469.47049pt, 42.67912pt)
* v-part:(T,H,B)=(56.9055pt, 731.23584pt, 56.9055pt)
* \paperwidth=597.50787pt
* \paperheight=845.04684pt
* \textwidth=469.47049pt
* \textheight=702.7831pt
* \oddsidemargin=13.08827pt
* \evensidemargin=13.08827pt
* \topmargin=-55.81723pt
* \headheight=12.0pt
* \headsep=28.45274pt
* \topskip=12.0pt
* \footskip=28.45274pt
* \marginparwidth=35.0pt
* \marginparsep=10.0pt
* \columnsep=10.0pt
* \skip\footins=10.8pt plus 4.0pt minus 2.0pt
* \hoffset=0.0pt
* \voffset=0.0pt
* \mag=1000
* \@twocolumnfalse
* \@twosidefalse
* \@mparswitchfalse
* \@reversemarginfalse
* (1in=72.27pt=25.4mm, 1cm=28.453pt)

LaTeX Info: Redefining \th on input line 28.
\c@lstlisting=\count295
\firstskip=\skip58
\secondskip=\skip59
\thirdskip=\skip60
\fourthskip=\skip61
\sixthskip=\skip62
\seventhskip=\skip63
\eightthskip=\skip64
<<ot1.cmap>><<oml.cmap>><<oms.cmap>><<omx.cmap>>
LaTeX Font Info:    Trying to load font information for U+msa on input line 58.


(/usr/local/texlive/2023/texmf-dist/tex/latex/amsfonts/umsa.fd
File: umsa.fd 2013/01/14 v3.01 AMS symbols A
)
LaTeX Font Info:    Trying to load font information for U+msb on input line 58.


(/usr/local/texlive/2023/texmf-dist/tex/latex/amsfonts/umsb.fd
File: umsb.fd 2013/01/14 v3.01 AMS symbols B
) [1

{/usr/local/texlive/2023/texmf-var/fonts/map/pdftex/updmap/pdftex.map}{/usr/loc
al/texlive/2023/texmf-dist/fonts/enc/dvips/cm-super/cm-super-t2a.enc}]
(./1B_23.B04_Petrov.toc)
\tf@toc=\write4
\openout4 = `1B_23.B04_Petrov.toc'.

 [2


]

Package hyperref Warning: Glyph not defined in PU encoding,
(hyperref)                removing `\CYRV' on input line 62.


Package hyperref Warning: Glyph not defined in PU encoding,
(hyperref)                removing `\cyrv' on input line 62.


Package hyperref Warning: Glyph not defined in PU encoding,
(hyperref)                removing `\cyre' on input line 62.


Package hyperref Warning: Glyph not defined in PU encoding,
(hyperref)                removing `\cyrd' on input line 62.


Package hyperref Warning: Glyph not defined in PU encoding,
(hyperref)                removing `\cyre' on input line 62.


Package hyperref Warning: Glyph not defined in PU encoding,
(hyperref)                removing `\cyrn' on input line 62.


Package hyperref Warning: Glyph not defined in PU encoding,
(hyperref)                removing `\cyri' on input line 62.


Package hyperref Warning: Glyph not defined in PU encoding,
(hyperref)                removing `\cyre' on input line 62.

[3

]

Package hyperref Warning: Glyph not defined in PU encoding,
(hyperref)                removing `\CYRA' on input line 69.


Package hyperref Warning: Glyph not defined in PU encoding,
(hyperref)                removing `\cyrl' on input line 69.


Package hyperref Warning: Glyph not defined in PU encoding,
(hyperref)                removing `\cyrg' on input line 69.


Package hyperref Warning: Glyph not defined in PU encoding,
(hyperref)                removing `\cyro' on input line 69.


Package hyperref Warning: Glyph not defined in PU encoding,
(hyperref)                removing `\cyrr' on input line 69.


Package hyperref Warning: Glyph not defined in PU encoding,
(hyperref)                removing `\cyri' on input line 69.


Package hyperref Warning: Glyph not defined in PU encoding,
(hyperref)                removing `\cyrt' on input line 69.


Package hyperref Warning: Glyph not defined in PU encoding,
(hyperref)                removing `\cyrm' on input line 69.


Package hyperref Warning: Glyph not defined in PU encoding,
(hyperref)                removing `\cyrs' on input line 69.


Package hyperref Warning: Glyph not defined in PU encoding,
(hyperref)                removing `\cyrv' on input line 69.


Package hyperref Warning: Glyph not defined in PU encoding,
(hyperref)                removing `\cyro' on input line 69.


Package hyperref Warning: Glyph not defined in PU encoding,
(hyperref)                removing `\cyrz' on input line 69.


Package hyperref Warning: Glyph not defined in PU encoding,
(hyperref)                removing `\cyrv' on input line 69.


Package hyperref Warning: Glyph not defined in PU encoding,
(hyperref)                removing `\cyrr' on input line 69.


Package hyperref Warning: Glyph not defined in PU encoding,
(hyperref)                removing `\cyra' on input line 69.


Package hyperref Warning: Glyph not defined in PU encoding,
(hyperref)                removing `\cyrt' on input line 69.


Package hyperref Warning: Glyph not defined in PU encoding,
(hyperref)                removing `\cyro' on input line 69.


Package hyperref Warning: Glyph not defined in PU encoding,
(hyperref)                removing `\cyrm' on input line 69.


Package hyperref Warning: Glyph not defined in PU encoding,
(hyperref)                removing `\cyrp' on input line 69.


Package hyperref Warning: Glyph not defined in PU encoding,
(hyperref)                removing `\cyrr' on input line 69.


Package hyperref Warning: Glyph not defined in PU encoding,
(hyperref)                removing `\cyri' on input line 69.


Package hyperref Warning: Glyph not defined in PU encoding,
(hyperref)                removing `\cyrn' on input line 69.


Package hyperref Warning: Glyph not defined in PU encoding,
(hyperref)                removing `\cyre' on input line 69.


Package hyperref Warning: Glyph not defined in PU encoding,
(hyperref)                removing `\cyru' on input line 69.


Package hyperref Warning: Glyph not defined in PU encoding,
(hyperref)                removing `\cyrd' on input line 69.


Package hyperref Warning: Glyph not defined in PU encoding,
(hyperref)                removing `\cyra' on input line 69.


Package hyperref Warning: Glyph not defined in PU encoding,
(hyperref)                removing `\cyrch' on input line 69.


Package hyperref Warning: Glyph not defined in PU encoding,
(hyperref)                removing `\cyrn' on input line 69.


Package hyperref Warning: Glyph not defined in PU encoding,
(hyperref)                removing `\cyro' on input line 69.


Package hyperref Warning: Glyph not defined in PU encoding,
(hyperref)                removing `\cyrm' on input line 69.


Package hyperref Warning: Glyph not defined in PU encoding,
(hyperref)                removing `\cyrsh' on input line 69.


Package hyperref Warning: Glyph not defined in PU encoding,
(hyperref)                removing `\cyra' on input line 69.


Package hyperref Warning: Glyph not defined in PU encoding,
(hyperref)                removing `\cyrg' on input line 69.


Package hyperref Warning: Glyph not defined in PU encoding,
(hyperref)                removing `\cyre' on input line 69.

[4] [5]

Package hyperref Warning: Glyph not defined in PU encoding,
(hyperref)                removing `\CYRM' on input line 110.


Package hyperref Warning: Glyph not defined in PU encoding,
(hyperref)                removing `\cyre' on input line 110.


Package hyperref Warning: Glyph not defined in PU encoding,
(hyperref)                removing `\cyrt' on input line 110.


Package hyperref Warning: Glyph not defined in PU encoding,
(hyperref)                removing `\cyro' on input line 110.


Package hyperref Warning: Glyph not defined in PU encoding,
(hyperref)                removing `\cyrd' on input line 110.


Package hyperref Warning: Glyph not defined in PU encoding,
(hyperref)                removing `\cyri' on input line 110.


Package hyperref Warning: Glyph not defined in PU encoding,
(hyperref)                removing `\cyrm' on input line 110.


Package hyperref Warning: Glyph not defined in PU encoding,
(hyperref)                removing `\cyri' on input line 110.


Package hyperref Warning: Glyph not defined in PU encoding,
(hyperref)                removing `\cyrt' on input line 110.


Package hyperref Warning: Glyph not defined in PU encoding,
(hyperref)                removing `\cyra' on input line 110.


Package hyperref Warning: Glyph not defined in PU encoding,
(hyperref)                removing `\cyrc' on input line 110.


Package hyperref Warning: Glyph not defined in PU encoding,
(hyperref)                removing `\cyri' on input line 110.


Package hyperref Warning: Glyph not defined in PU encoding,
(hyperref)                removing `\cyri' on input line 110.


Package hyperref Warning: Glyph not defined in PU encoding,
(hyperref)                removing `\cyro' on input line 110.


Package hyperref Warning: Glyph not defined in PU encoding,
(hyperref)                removing `\cyrt' on input line 110.


Package hyperref Warning: Glyph not defined in PU encoding,
(hyperref)                removing `\cyrzh' on input line 110.


Package hyperref Warning: Glyph not defined in PU encoding,
(hyperref)                removing `\cyri' on input line 110.


Package hyperref Warning: Glyph not defined in PU encoding,
(hyperref)                removing `\cyrg' on input line 110.


Package hyperref Warning: Glyph not defined in PU encoding,
(hyperref)                removing `\cyra' on input line 110.

[6{/usr/local/texlive/2023/texmf-dist/fonts/enc/dvips/cm-super/cm-super-ts1.enc
}] [7]

Package hyperref Warning: Glyph not defined in PU encoding,
(hyperref)                removing `\CYRG' on input line 140.


Package hyperref Warning: Glyph not defined in PU encoding,
(hyperref)                removing `\cyre' on input line 140.


Package hyperref Warning: Glyph not defined in PU encoding,
(hyperref)                removing `\cyrn' on input line 140.


Package hyperref Warning: Glyph not defined in PU encoding,
(hyperref)                removing `\cyre' on input line 140.


Package hyperref Warning: Glyph not defined in PU encoding,
(hyperref)                removing `\cyrt' on input line 140.


Package hyperref Warning: Glyph not defined in PU encoding,
(hyperref)                removing `\cyri' on input line 140.


Package hyperref Warning: Glyph not defined in PU encoding,
(hyperref)                removing `\cyrch' on input line 140.


Package hyperref Warning: Glyph not defined in PU encoding,
(hyperref)                removing `\cyre' on input line 140.


Package hyperref Warning: Glyph not defined in PU encoding,
(hyperref)                removing `\cyrs' on input line 140.


Package hyperref Warning: Glyph not defined in PU encoding,
(hyperref)                removing `\cyrk' on input line 140.


Package hyperref Warning: Glyph not defined in PU encoding,
(hyperref)                removing `\cyri' on input line 140.


Package hyperref Warning: Glyph not defined in PU encoding,
(hyperref)                removing `\cyrishrt' on input line 140.


Package hyperref Warning: Glyph not defined in PU encoding,
(hyperref)                removing `\cyra' on input line 140.


Package hyperref Warning: Glyph not defined in PU encoding,
(hyperref)                removing `\cyrl' on input line 140.


Package hyperref Warning: Glyph not defined in PU encoding,
(hyperref)                removing `\cyrg' on input line 140.


Package hyperref Warning: Glyph not defined in PU encoding,
(hyperref)                removing `\cyro' on input line 140.


Package hyperref Warning: Glyph not defined in PU encoding,
(hyperref)                removing `\cyrr' on input line 140.


Package hyperref Warning: Glyph not defined in PU encoding,
(hyperref)                removing `\cyri' on input line 140.


Package hyperref Warning: Glyph not defined in PU encoding,
(hyperref)                removing `\cyrt' on input line 140.


Package hyperref Warning: Glyph not defined in PU encoding,
(hyperref)                removing `\cyrm' on input line 140.

[8]
Overfull \hbox (21.39276pt too wide) in paragraph at lines 195--197
\T2A/cmr/m/n/12 с€ два по^^?том^^?ка: $\OML/cmm/m/it/12 C[] \OT1/cmr/m/n/12 = (
\OML/cmm/m/it/12 H[]; [] ; H[]; H[]; [] ; H[]\OT1/cmr/m/n/12 )$\T2A/cmr/m/n/12 
, $\OML/cmm/m/it/12 C[] \OT1/cmr/m/n/12 = (\OML/cmm/m/it/12 H[]; [] ; H[]; H[];
 [] ; H[]\OT1/cmr/m/n/12 )$\T2A/cmr/m/n/12 .
 []


Overfull \hbox (33.89693pt too wide) in paragraph at lines 195--197
\T2A/cmr/m/n/12 ѕо^^?лу^^?чим со^^?во^^?куп^^?ность $\OML/cmm/m/it/12 C \OT1/cm
r/m/n/12 = \OMS/cmsy/m/n/12 f\OML/cmm/m/it/12 C[]; [] ; C[]\OMS/cmsy/m/n/12 g$ 
\T2A/cmr/m/n/12 - потом^^?ство по^^?пу^^?л€^^?ции $\OML/cmm/m/it/12 S \OT1/cmr/
m/n/12 = \OMS/cmsy/m/n/12 f\OML/cmm/m/it/12 A[]; A[]; [] ; A[]\OMS/cmsy/m/n/12 
g$\T2A/cmr/m/n/12 . 
 []

[9]
Overfull \hbox (19.61842pt too wide) in paragraph at lines 198--200
[]\T2A/cmr/bx/n/12 ћутаци€\T2A/cmr/m/n/12 . ѕре^^?об^^?ра^^?зу^^?ем всех по^^?т
ом^^?ков с ка^^?кой-^^?то ве^^?ро^^?€т^^?но^^?стью p. $\OML/cmm/m/it/12 C[] \OT
1/cmr/m/n/12 = (\OML/cmm/m/it/12 H[]; [] ; H[]\OT1/cmr/m/n/12 )$
 []

[10]

Package hyperref Warning: Glyph not defined in PU encoding,
(hyperref)                removing `\CYRZ' on input line 212.


Package hyperref Warning: Glyph not defined in PU encoding,
(hyperref)                removing `\cyra' on input line 212.


Package hyperref Warning: Glyph not defined in PU encoding,
(hyperref)                removing `\cyrd' on input line 212.


Package hyperref Warning: Glyph not defined in PU encoding,
(hyperref)                removing `\cyra' on input line 212.


Package hyperref Warning: Glyph not defined in PU encoding,
(hyperref)                removing `\cyrch' on input line 212.


Package hyperref Warning: Glyph not defined in PU encoding,
(hyperref)                removing `\cyra' on input line 212.


Package hyperref Warning: Glyph not defined in PU encoding,
(hyperref)                removing `\cyrk' on input line 212.


Package hyperref Warning: Glyph not defined in PU encoding,
(hyperref)                removing `\cyro' on input line 212.


Package hyperref Warning: Glyph not defined in PU encoding,
(hyperref)                removing `\cyrm' on input line 212.


Package hyperref Warning: Glyph not defined in PU encoding,
(hyperref)                removing `\cyrm' on input line 212.


Package hyperref Warning: Glyph not defined in PU encoding,
(hyperref)                removing `\cyri' on input line 212.


Package hyperref Warning: Glyph not defined in PU encoding,
(hyperref)                removing `\cyrv' on input line 212.


Package hyperref Warning: Glyph not defined in PU encoding,
(hyperref)                removing `\cyro' on input line 212.


Package hyperref Warning: Glyph not defined in PU encoding,
(hyperref)                removing `\cyrya' on input line 212.


Package hyperref Warning: Glyph not defined in PU encoding,
(hyperref)                removing `\cyrzh' on input line 212.


Package hyperref Warning: Glyph not defined in PU encoding,
(hyperref)                removing `\cyryo' on input line 212.


Package hyperref Warning: Glyph not defined in PU encoding,
(hyperref)                removing `\cyrr' on input line 212.


Package hyperref Warning: Glyph not defined in PU encoding,
(hyperref)                removing `\cyra' on input line 212.

[11] [12]

Package hyperref Warning: Glyph not defined in PU encoding,
(hyperref)                removing `\CYRZ' on input line 284.


Package hyperref Warning: Glyph not defined in PU encoding,
(hyperref)                removing `\cyra' on input line 284.


Package hyperref Warning: Glyph not defined in PU encoding,
(hyperref)                removing `\cyrk' on input line 284.


Package hyperref Warning: Glyph not defined in PU encoding,
(hyperref)                removing `\cyrl' on input line 284.


Package hyperref Warning: Glyph not defined in PU encoding,
(hyperref)                removing `\cyryu' on input line 284.


Package hyperref Warning: Glyph not defined in PU encoding,
(hyperref)                removing `\cyrch' on input line 284.


Package hyperref Warning: Glyph not defined in PU encoding,
(hyperref)                removing `\cyre' on input line 284.


Package hyperref Warning: Glyph not defined in PU encoding,
(hyperref)                removing `\cyrn' on input line 284.


Package hyperref Warning: Glyph not defined in PU encoding,
(hyperref)                removing `\cyri' on input line 284.


Package hyperref Warning: Glyph not defined in PU encoding,
(hyperref)                removing `\cyre' on input line 284.

[13]

Package hyperref Warning: Glyph not defined in PU encoding,
(hyperref)                removing `\CYRS' on input line 295.


Package hyperref Warning: Glyph not defined in PU encoding,
(hyperref)                removing `\cyrp' on input line 295.


Package hyperref Warning: Glyph not defined in PU encoding,
(hyperref)                removing `\cyri' on input line 295.


Package hyperref Warning: Glyph not defined in PU encoding,
(hyperref)                removing `\cyrs' on input line 295.


Package hyperref Warning: Glyph not defined in PU encoding,
(hyperref)                removing `\cyro' on input line 295.


Package hyperref Warning: Glyph not defined in PU encoding,
(hyperref)                removing `\cyrk' on input line 295.


Package hyperref Warning: Glyph not defined in PU encoding,
(hyperref)                removing `\cyrl' on input line 295.


Package hyperref Warning: Glyph not defined in PU encoding,
(hyperref)                removing `\cyri' on input line 295.


Package hyperref Warning: Glyph not defined in PU encoding,
(hyperref)                removing `\cyrt' on input line 295.


Package hyperref Warning: Glyph not defined in PU encoding,
(hyperref)                removing `\cyre' on input line 295.


Package hyperref Warning: Glyph not defined in PU encoding,
(hyperref)                removing `\cyrr' on input line 295.


Package hyperref Warning: Glyph not defined in PU encoding,
(hyperref)                removing `\cyra' on input line 295.


Package hyperref Warning: Glyph not defined in PU encoding,
(hyperref)                removing `\cyrt' on input line 295.


Package hyperref Warning: Glyph not defined in PU encoding,
(hyperref)                removing `\cyru' on input line 295.


Package hyperref Warning: Glyph not defined in PU encoding,
(hyperref)                removing `\cyrr' on input line 295.


Package hyperref Warning: Glyph not defined in PU encoding,
(hyperref)                removing `\cyrery' on input line 295.


Overfull \hbox (1.07014pt too wide) in paragraph at lines 298--301
[]\T2A/cmr/m/n/12 —овременные ал^^?го^^?рит^^?мы по^^?ис^^?ко^^?вой оп^^?ти^^?м
и^^?за^^?ции. јл^^?го^^?рит^^?мы, вдох^^?нов^^?лен^^?ные при^^?
 []

[14] (/usr/local/texlive/2023/texmf-dist/tex/latex/listings/lstlang1.sty
File: lstlang1.sty 2023/02/27 1.9 listings language file
)
[15] [16] [17]
Overfull \hbox (2.76828pt too wide) in paragraph at lines 432--433
[][][][][][][][][][][][][][][][][][][][][] 
 []

[18]
Overfull \hbox (16.86496pt too wide) in paragraph at lines 461--462
[][][][][][][][][][][][][][][][][][][][][][][][][][][][][][][][][][][][][] 
 []

[19] [20] (./1B_23.B04_Petrov.aux)
Package rerunfilecheck Info: File `1B_23.B04_Petrov.out' has not changed.
(rerunfilecheck)             Checksum: CB475D0F06D33B2E285A889DAA89C641;570.
 ) 
Here is how much of TeX's memory you used:
 15055 strings out of 476025
 242354 string characters out of 5790016
 1889388 words of memory out of 5000000
 35019 multiletter control sequences out of 15000+600000
 523793 words of font info for 59 fonts, out of 8000000 for 9000
 1141 hyphenation exceptions out of 8191
 78i,6n,81p,617b,1959s stack positions out of 10000i,1000n,20000p,200000b,200000s
</usr/local/texlive/2023/texmf-dist/fonts/type1/public/amsfonts/cm/cmex10.pfb
></usr/local/texlive/2023/texmf-dist/fonts/type1/public/amsfonts/cm/cmmi12.pfb>
</usr/local/texlive/2023/texmf-dist/fonts/type1/public/amsfonts/cm/cmmi6.pfb></
usr/local/texlive/2023/texmf-dist/fonts/type1/public/amsfonts/cm/cmmi8.pfb></us
r/local/texlive/2023/texmf-dist/fonts/type1/public/amsfonts/cm/cmr12.pfb></usr/
local/texlive/2023/texmf-dist/fonts/type1/public/amsfonts/cm/cmr6.pfb></usr/loc
al/texlive/2023/texmf-dist/fonts/type1/public/amsfonts/cm/cmr8.pfb></usr/local/
texlive/2023/texmf-dist/fonts/type1/public/amsfonts/cm/cmsy10.pfb></usr/local/t
exlive/2023/texmf-dist/fonts/type1/public/amsfonts/cm/cmsy8.pfb></usr/local/tex
live/2023/texmf-dist/fonts/type1/public/amsfonts/symbols/msbm10.pfb></usr/local
/texlive/2023/texmf-dist/fonts/type1/public/cm-super/sfbx1200.pfb></usr/local/t
exlive/2023/texmf-dist/fonts/type1/public/cm-super/sfbx1440.pfb></usr/local/tex
live/2023/texmf-dist/fonts/type1/public/cm-super/sfbx1728.pfb></usr/local/texli
ve/2023/texmf-dist/fonts/type1/public/cm-super/sfcc1440.pfb></usr/local/texlive
/2023/texmf-dist/fonts/type1/public/cm-super/sfrm1200.pfb></usr/local/texlive/2
023/texmf-dist/fonts/type1/public/cm-super/sfti1200.pfb>
Output written on 1B_23.B04_Petrov.pdf (20 pages, 249289 bytes).
PDF statistics:
 482 PDF objects out of 1000 (max. 8388607)
 431 compressed objects within 5 object streams
 250 named destinations out of 1000 (max. 500000)
 77 words of extra memory for PDF output out of 10000 (max. 10000000)

